{"message":[],"level":"info"}
{"message":[{"_id":"5ddc7d825a1e953c8aced0b0","cityid":"5ddc7b4e5a1e953c8aced0af","__v":0,"updated_at":"2019-11-26T01:18:58.465Z","created_at":"2019-11-26T01:18:58.465Z","kmlzone":[["-84.3689279871582","33.772657245731395"],["-84.35982993417968","33.7712302989091"],["-84.35716918283691","33.76908983411614"],["-84.35631087595214","33.76409520832984"],["-84.3575983362793","33.759243007400386"],["-84.35854247385254","33.75560367644488"],["-84.36214736276855","33.75217828264739"],["-84.37227538400879","33.75310600698056"],["-84.37862685495605","33.758743500534706"],["-84.37931350046386","33.76459468400801"],["-84.37948516184082","33.77051681658601"],["-84.37656691843261","33.774155514316966"],["-84.37098792368164","33.77486896633884"]],"fill_opacity":0.30196078431372547,"fill":"#000000","stroke_width":1.2,"stroke_opacity":1,"stroke":"","description":"","styleHash":"","styleUrl":"","title":"Jimmy Carter Presidential"}],"level":"info"}
{"message":[],"level":"info"}
{"status":400,"message":"The From phone number +2015966653 is not a valid, SMS-capable inbound phone number or short code for your account.","code":21606,"moreInfo":"https://www.twilio.com/docs/errors/21606","level":"error"}
{"status":400,"message":"The From phone number +2015966653 is not a valid, SMS-capable inbound phone number or short code for your account.","code":21606,"moreInfo":"https://www.twilio.com/docs/errors/21606","level":"error"}
{"status":400,"message":"The From phone number +2015966653 is not a valid, SMS-capable inbound phone number or short code for your account.","code":21606,"moreInfo":"https://www.twilio.com/docs/errors/21606","level":"error"}
{"message":"+1","level":"info"}
{"message":{"is_document_uploaded":1},"level":"info"}
{"code":"EAUTH","response":"534-5.7.14 <https://accounts.google.com/signin/continue?sarp=1&scc=1&plt=AKgnsbsm\n534-5.7.14 gPHmn-4G1cMuuXcNiHpXm1cHdEADe_gccbAv2CfqThXVWp_Gd2B1naegrVKPj66XDZ_nd0\n534-5.7.14 9OYIFrF-aQYnW425X32zPrSQ-b48OoLSFPh7lsF8qAo94b4uGHQ09jVDREjyDj> Please\n534-5.7.14 log in via your web browser and then try again.\n534-5.7.14  Learn more at\n534 5.7.14  https://support.google.com/mail/answer/78754 j10sm5638796qtb.34 - gsmtp","responseCode":534,"command":"AUTH PLAIN","level":"error"}
{"status":400,"message":"The 'To' number +16655665566 is not a valid phone number.","code":21211,"moreInfo":"https://www.twilio.com/docs/errors/21211","level":"error"}
{"status":400,"message":"The 'To' number +16655665566 is not a valid phone number.","code":21211,"moreInfo":"https://www.twilio.com/docs/errors/21211","level":"error"}
{"message":"+1","level":"info"}
{"message":{"is_document_uploaded":1},"level":"info"}
{"code":"EAUTH","response":"534-5.7.14 <https://accounts.google.com/signin/continue?sarp=1&scc=1&plt=AKgnsbvh\n534-5.7.14 UP4PANWpqkSOedrHTWWsdYAfOo1NUbvDhwrzPnfmwVzuaxN2qZ2p-2TiBLQjmpEbqHGL7a\n534-5.7.14 VrVgRQsvQcQhWY7hgyhf3UFcv_PN6bosEbhVBLkGF3E_sYKmpTo7_AzuEpFIiG> Please\n534-5.7.14 log in via your web browser and then try again.\n534-5.7.14  Learn more at\n534 5.7.14  https://support.google.com/mail/answer/78754 j68sm17191qkc.122 - gsmtp","responseCode":534,"command":"AUTH PLAIN","level":"error"}
{"status":400,"message":"The 'To' number +11122112211 is not a valid phone number.","code":21211,"moreInfo":"https://www.twilio.com/docs/errors/21211","level":"error"}
{"status":400,"message":"The 'To' number +11122112211 is not a valid phone number.","code":21211,"moreInfo":"https://www.twilio.com/docs/errors/21211","level":"error"}
{"message":"+1","level":"info"}
{"message":{"is_document_uploaded":1},"level":"info"}
{"code":"EAUTH","response":"534-5.7.14 <https://accounts.google.com/signin/continue?sarp=1&scc=1&plt=AKgnsbt2\n534-5.7.14 m_EAum8frvHVc36Sn5VHI6csMQc6k9OQkGd-zns8v_ShIdWRX3rf2EkVKzc9t0f7L-plE2\n534-5.7.14 vKX1svMZ7speLRTofnH3NihC5KNDL2ZMgEIyRi8FUpLP16W24ArgpxHu1okRWv> Please\n534-5.7.14 log in via your web browser and then try again.\n534-5.7.14  Learn more at\n534 5.7.14  https://support.google.com/mail/answer/78754 c184sm4998886qke.118 - gsmtp","responseCode":534,"command":"AUTH PLAIN","level":"error"}
{"status":400,"message":"The 'To' number +11122112211 is not a valid phone number.","code":21211,"moreInfo":"https://www.twilio.com/docs/errors/21211","level":"error"}
{"code":"EAUTH","response":"534-5.7.14 <https://accounts.google.com/signin/continue?sarp=1&scc=1&plt=AKgnsbt3\n534-5.7.14 JliGhhunVTxHavLK3dx_4fo93n2fjeg4CHBEBDA9Bh3LW3ogGTw71nhiS0cxrOTP8CGRk1\n534-5.7.14 s-03pc7QwpSk2dBgPVMZQ8seQulqtsVPPWJQampIdILWp3t96CWCHzaBY9t2Gd> Please\n534-5.7.14 log in via your web browser and then try again.\n534-5.7.14  Learn more at\n534 5.7.14  https://support.google.com/mail/answer/78754 h21sm4922346qkl.13 - gsmtp","responseCode":534,"command":"AUTH PLAIN","level":"error"}
{"status":400,"message":"The 'To' number +11122112211 is not a valid phone number.","code":21211,"moreInfo":"https://www.twilio.com/docs/errors/21211","level":"error"}
{"code":"EAUTH","response":"534-5.7.14 <https://accounts.google.com/signin/continue?sarp=1&scc=1&plt=AKgnsbs-\n534-5.7.14 g9qXAbvxrzQVDWIAtW2o9U1-tRRJ3XKSIE1dOL9gE3_5iJec29w4Dnu41FFC2e2Qmy2NmQ\n534-5.7.14 gz936G1L3kR5QZnL4yK1ZcjoEmCYMJ2YLfJkT0CVwIexEJtjJWM6H8ulmFDJU_> Please\n534-5.7.14 log in via your web browser and then try again.\n534-5.7.14  Learn more at\n534 5.7.14  https://support.google.com/mail/answer/78754 w13sm4968997qka.136 - gsmtp","responseCode":534,"command":"AUTH PLAIN","level":"error"}
{"status":400,"message":"The 'To' number +11122112211 is not a valid phone number.","code":21211,"moreInfo":"https://www.twilio.com/docs/errors/21211","level":"error"}
{"status":400,"message":"The 'To' number +11122112211 is not a valid phone number.","code":21211,"moreInfo":"https://www.twilio.com/docs/errors/21211","level":"error"}
{"errno":-2,"code":"ENOENT","syscall":"unlink","path":"./data/user_profile/undefined","level":"error"}
